<?xml version="1.0" encoding="UTF-8"?>
<!-- Generated by org.testng.reporters.JUnitReportReporter -->
<testsuite hostname="LAPTOP-R8Q3AF3L" failures="0" tests="4" name="main.Streams" time="0.014" errors="0" timestamp="2024-11-02T22:39:08 IST" skipped="0">
  <testcase classname="main.Streams" name="streamMap" time="0.003"/>
  <testcase classname="main.Streams" name="streamFilter" time="0.003"/>
  <testcase classname="main.Streams" name="regular" time="0.005"/>
  <testcase classname="main.Streams" name="streamCollect" time="0.003"/>
</testsuite> <!-- main.Streams -->
